From TelBank ID(1095):3260166973603180000000021889102500700-0B-CD-AF-0F-8CB3435531082 
To   TelBank ID(1095):3260166973603180000343553108209221     نصرت           رنجبرزيدهى          95030600400   10.39.173.20000000000000056276950306                  شعبه نوآوران111 
From TelBank ID(1096):3260169272968460000000021889102500700-0B-CD-AF-0F-8COA34355310820400009221 
To   TelBank ID(1096):3260169272968460000 
From TelBank ID(1097):3260164609166080000000021889102500700-0B-CD-AF-0F-8CN 
To   TelBank ID(1097):32601646091660848 
From TelBank ID(1098):3260160676874840000000021889102500700-0B-CD-AF-0F-8CR343553108200000000922100000000922100404 
To   TelBank ID(1098):3260160676874840000 
From TelBank ID(1099):3260168868323330000000021889102500700-0B-CD-AF-0F-8CN 
To   TelBank ID(1099):32601688683233348 
From TelBank ID(1100):3260167917969280000000021889102500700-0B-CD-AF-0F-8CN 
To   TelBank ID(1100):32601679179692848 
From TelBank ID(1101):3260168642342410000000021889102500700-0B-CD-AF-0F-8CMSI343553108209125016043 
To   TelBank ID(1101):3260168642342419999 
From TelBank ID(1102):3260165731350630000000021889102500700-0B-CD-AF-0F-8CL10000100000 
To   TelBank ID(1102):3260165731350630000326016573135063 
From TelBank ID(1103):3260121444233530000000021889102500700-0B-CD-AF-0F-8CB3435531082 
To   TelBank ID(1103):3260121444233530000343553108209221     نصرت           رنجبرزيدهى          95030600400   10.39.173.20000000000000056276950306                  شعبه نوآوران111 
From TelBank ID(1104):3260128508501620000000021889102500700-0B-CD-AF-0F-8COA34355310820400009221 
To   TelBank ID(1104):3260128508501620000 
From TelBank ID(1105):3260124632332830000000021889102500700-0B-CD-AF-0F-8CN 
To   TelBank ID(1105):32601246323328348 
From TelBank ID(1106):3260123280055670000000021889102500700-0B-CD-AF-0F-8CMSD343553108209125016043 
To   TelBank ID(1106):3260123280055670000 
From TelBank ID(1107):3260129242070430000000021889102500700-0B-CD-AF-0F-8CN 
To   TelBank ID(1107):32601292420704348 
From TelBank ID(1108):3260128071979320000000021889102500700-0B-CD-AF-0F-8CMSI343553108209125016043 
To   TelBank ID(1108):3260128071979320000 
From TelBank ID(1109):3260126834858880000000021889102500700-0B-CD-AF-0F-8CN 
To   TelBank ID(1109):32601268348588848 
From TelBank ID(1110):3260120378673310000000021889102500700-0B-CD-AF-0F-8CI3435531082 
To   TelBank ID(1110):3260120378673310000IR740180000000003435531082 
From TelBank ID(1111):3260127087490480000000021889102500700-0B-CD-AF-0F-8CL10000000000 
To   TelBank ID(1111):3260127087490480000326012708749048 
From TelBank ID(1112):3260153068227430000000021888969900700-0B-CD-AF-0F-8CB3435531082 
To   TelBank ID(1112):3260153068227430000343553108209221     نصرت           رنجبرزيدهى          95030600400   10.39.173.20000000000000056276950306                  شعبه نوآوران111 
From TelBank ID(1113):3260156706760630000000021888969900700-0B-CD-AF-0F-8COA34355310820400009221 
To   TelBank ID(1113):3260156706760630000 
From TelBank ID(1114):3260157824157440000000021888969900700-0B-CD-AF-0F-8CN 
To   TelBank ID(1114):32601578241574448 
From TelBank ID(1115):3260150178723680000000021888969900700-0B-CD-AF-0F-8CI3435531082 
To   TelBank ID(1115):3260150178723680000IR740180000000003435531082 
From TelBank ID(1116):3260154745317120000000021888969900700-0B-CD-AF-0F-8CL10000000000 
To   TelBank ID(1116):3260154745317120000326015474531712 
From TelBank ID(1117):3260184060171390000000021888969900700-0B-CD-AF-0F-8CB3435531082 
To   TelBank ID(1117):3260184060171390000343553108209221     نصرت           رنجبرزيدهى          95030600400   10.39.173.20000000000000056276950306                  شعبه نوآوران111 
From TelBank ID(1118):3260189811881880000000021888969900700-0B-CD-AF-0F-8COA34355310820400009221 
To   TelBank ID(1118):3260189811881880000 
From TelBank ID(1119):3260189733509400000000021888969900700-0B-CD-AF-0F-8CN 
To   TelBank ID(1119):32601897335094048 
From TelBank ID(1120):3260180403641630000000021888969900700-0B-CD-AF-0F-8CH3435531082 
To   TelBank ID(1120):32601804036416300005859831002862901 
From TelBank ID(1121):3260185921770650000000021888969900700-0B-CD-AF-0F-8CN 
To   TelBank ID(1121):32601859217706548 
From TelBank ID(1122):3260184187503260000000021888969900700-0B-CD-AF-0F-8CN 
To   TelBank ID(1122):32601841875032648 
From TelBank ID(1123):3260180713528830000000021888969900700-0B-CD-AF-0F-8CS3435531082 
To   TelBank ID(1123):32601807135288300001111000000000000       00000000000000000000000000000000000000000000000000111 
From TelBank ID(1124):3260180959140590000000021888969900700-0B-CD-AF-0F-8CVA3435531082000#13601365 
To   TelBank ID(1124):3260180959140590000 
From TelBank ID(1125):3260180106586520000000021888969900700-0B-CD-AF-0F-8CE343553108235125125410000000000000010000000000000000000000 
To   TelBank ID(1125):3260180106586520000400908 
From TelBank ID(1126):3260180994706700000000021888969900700-0B-CD-AF-0F-8CVA3435531082000#13601365 
To   TelBank ID(1126):3260180994706700000 
From TelBank ID(1127):3260180209536020000000021888969900700-0B-CD-AF-0F-8CP34355310820000400908 
To   TelBank ID(1127):32601802095360200001 
From TelBank ID(1128):3260185037011720000000021888969900700-0B-CD-AF-0F-8CL10000000110 
To   TelBank ID(1128):3260185037011720000326018503701172 
From TelBank ID(1129):3260170690048270000000021889015330700-0B-CD-AF-0F-8CB3435531082 
To   TelBank ID(1129):3260170690048270000343553108209221     نصرت           رنجبرزيدهى          95030600400   10.39.173.20000000000000056275950306                  شعبه نوآوران111 
From TelBank ID(1130):3260175898363820000000021889015330700-0B-CD-AF-0F-8COA34355310820400009221 
To   TelBank ID(1130):3260175898363820000 
From TelBank ID(1131):3260170251797440000000021889015330700-0B-CD-AF-0F-8CN 
To   TelBank ID(1131):32601702517974448 
From TelBank ID(1132):3260170405920140000000021889015330700-0B-CD-AF-0F-8CS3435531082 
To   TelBank ID(1132):32601704059201400001111000000000000       00000000000000000000000000000000000000000000000000111 
From TelBank ID(1133):3260178202186770000000021889015330700-0B-CD-AF-0F-8CL10000000000 
To   TelBank ID(1133):3260178202186770000326017820218677 
From TelBank ID(1134):3260221470864790000000021888036010700-0B-CD-AF-0F-8CB0000343551 
To   TelBank ID(1134):3260221470864799000 
From TelBank ID(1135):3260228202641100000000021888036010700-0B-CD-AF-0F-8CB3435531082 
To   TelBank ID(1135):3260228202641100000343553108209221     نصرت           رنجبرزيدهى          95030600400   10.39.173.20000000000000056275950306                  شعبه نوآوران111 
From TelBank ID(1136):3260224401598480000000021888036010700-0B-CD-AF-0F-8COA34355310820400009221 
To   TelBank ID(1136):3260224401598480000 
From TelBank ID(1137):3260223587486870000000021888036010700-0B-CD-AF-0F-8CN 
To   TelBank ID(1137):32602235874868748 
From TelBank ID(1138):3260220042604990000000021888036010700-0B-CD-AF-0F-8CS3435531082 
To   TelBank ID(1138):32602200426049900001111000000000000       00000000000000000000000000000000000000000000000000111 
From TelBank ID(1139):3260220143253660000000021888036010700-0B-CD-AF-0F-8CVA3435531082000#13601365 
To   TelBank ID(1139):3260220143253660000 
From TelBank ID(1140):3260224373660060000000021888036010700-0B-CD-AF-0F-8CL10000000010 
To   TelBank ID(1140):3260224373660060000326022437366006 
From TelBank ID(1141):3260200324387420000000021888969900700-0B-CD-AF-0F-8CB3435531082 
To   TelBank ID(1141):3260200324387420000343553108209221     نصرت           رنجبرزيدهى          95030600400   10.39.173.20000000000000056275950306                  شعبه نوآوران111 
From TelBank ID(1142):3260207311875130000000021888969900700-0B-CD-AF-0F-8COA34355310820400009221 
To   TelBank ID(1142):3260207311875130000 
From TelBank ID(1143):3260205960072430000000021888969900700-0B-CD-AF-0F-8CN 
To   TelBank ID(1143):32602059600724348 
From TelBank ID(1144):3260200796237180000000021888969900700-0B-CD-AF-0F-8CS3435531082 
To   TelBank ID(1144):32602007962371800001111000000000000       00000000000000000000000000000000000000000000000000111 
From TelBank ID(1145):3260200531803160000000021888969900700-0B-CD-AF-0F-8CVA34355310820000#3601365 
To   TelBank ID(1145):3260200531803169902 
From TelBank ID(1146):3260200900513090000000021888969900700-0B-CD-AF-0F-8CVA3435531082000#13601365 
To   TelBank ID(1146):3260200900513090000 
From TelBank ID(1147):3260195424572330000000021276296460700-0B-CD-AF-0F-8CB2646046532 
To   TelBank ID(1147):3260195424572330000264604653200211   مهدى و بهزاد    اخروى  ودودانگه      95030626460               000000000098540366950306                              133 
From TelBank ID(1148):3260197141208000000000021276296460700-0B-CD-AF-0F-8COA26460465320813660306 
To   TelBank ID(1148):3260197141208000000 
From TelBank ID(1149):3260194820067050000000021276296460700-0B-CD-AF-0F-8CN 
To   TelBank ID(1149):32601948200670548 
From TelBank ID(1150):3260196185441650000000021276296460700-0B-CD-AF-0F-8CL10000000000 
To   TelBank ID(1150):3260196185441650000326019618544165 
From TelBank ID(1151):3260200783109020000000021888969900700-0B-CD-AF-0F-8CVA3435531082000#13601365 
To   TelBank ID(1151):3260200783109020000 
From TelBank ID(1152):3260202470106350000000021888969900700-0B-CD-AF-0F-8CQ00000034355310820002155880205 
To   TelBank ID(1152):32602024701063500000002155880205=5588020500145=0000001340660=0000013000=00000000 
From TelBank ID(1153):3260200180352330000000021888969900700-0B-CD-AF-0F-8CG343553108255880205001450000001340660000000000013000 
To   TelBank ID(1153):3260200180352331016400972 
From TelBank ID(1154):3260202084654310000000021888969900700-0B-CD-AF-0F-8CL10001000010 
To   TelBank ID(1154):3260202084654310000326020208465431 
From TelBank ID(1155):3260238672358840000000021888036010700-0B-CD-AF-0F-8CB3435531082 
To   TelBank ID(1155):3260238672358840000343553108209221     نصرت           رنجبرزيدهى          95030600400   10.39.173.20000000000000056275950306                  شعبه نوآوران111 
From TelBank ID(1156):3260235580210020000000021888036010700-0B-CD-AF-0F-8COA34355310820400009221 
To   TelBank ID(1156):3260235580210020000 
From TelBank ID(1157):3260232761518040000000021888036010700-0B-CD-AF-0F-8CN 
To   TelBank ID(1157):32602327615180448 
From TelBank ID(1158):3260230835536960000000021888036010700-0B-CD-AF-0F-8CS3435531082 
To   TelBank ID(1158):32602308355369600001111000000000000       00000000000000000000000000000000000000000000000000111 
From TelBank ID(1159):3260219646440400000000000334411070700-0B-CD-AF-0F-8CB2642189207 
To   TelBank ID(1160):3260219646440400000264218920704550    حسين            فرنيا               95030626420    10.150.3.84000000000007791230950306  شعبه دانشگاه خليج فارس بوشهر111 
From TelBank ID(1160):3260230963712390000000021888036010700-0B-CD-AF-0F-8CVA3435531082000#13601365 
To   TelBank ID(1160):3260230963712390000 
From TelBank ID(1161):3260214398541600000000000334411070700-0B-CD-AF-0F-8COA26421892070400004550 
To   TelBank ID(1161):3260214398541600000 
From TelBank ID(1162):3260210402363110000000000334411070700-0B-CD-AF-0F-8CN 
To   TelBank ID(1162):32602104023631148 
From TelBank ID(1163):3260214688831780000000000334411070700-0B-CD-AF-0F-8CL10000000000 
To   TelBank ID(1163):3260214688831780000326021468883178 
From TelBank ID(1164):3260230637643800000000021888036010700-0B-CD-AF-0F-8CC343553108235125125410000000012000000000000000000000000000 
To   TelBank ID(1164):3260230637643809008000000 
From TelBank ID(1165):3260230318306880000000021888036010700-0B-CD-AF-0F-8CVA3435531082000#13601365 
To   TelBank ID(1165):3260230318306880000 
From TelBank ID(1166):3260230702064540000000021888036010700-0B-CD-AF-0F-8CR343553108200001360136500001360136510808 
To   TelBank ID(1166):3260230702064540000 
From TelBank ID(1167):3260237537771780000000021888036010700-0B-CD-AF-0F-8CL10000011000 
To   TelBank ID(1167):3260237537771780000326023753777178 
From TelBank ID(1168):3260250805263950000000021888969900700-0B-CD-AF-0F-8CB3435531082 
To   TelBank ID(1168):3260250805263950000343553108209221     نصرت           رنجبرزيدهى          95030600400   10.39.173.20000000000000056275950306                  شعبه نوآوران111 
From TelBank ID(1169):3260253230249640000000021888969900700-0B-CD-AF-0F-8COA34355310820400009221 
To   TelBank ID(1169):3260253230249640000 
From TelBank ID(1170):3260251683915850000000021888969900700-0B-CD-AF-0F-8CN 
To   TelBank ID(1170):32602516839158548 
From TelBank ID(1171):3260250755150190000000021888969900700-0B-CD-AF-0F-8CS3435531082 
To   TelBank ID(1171):32602507551501900001111000000000000       00000000000000000000000000000000000000000000000000111 
From TelBank ID(1172):3260250716353990000000021888969900700-0B-CD-AF-0F-8CVA3435531082000#13601365 
To   TelBank ID(1172):3260250716353990000 
From TelBank ID(1173):3260250048342780000000021888969900700-0B-CD-AF-0F-8CF343553108235125125410000000123588880800000000000012345678 
To   TelBank ID(1173):3260250048342781016401004 
From TelBank ID(1174):3260255327154230000000021888969900700-0B-CD-AF-0F-8CK3435531082000000345678 
To   TelBank ID(1174):3260255327154233007 
From TelBank ID(1175):3260252996230500000000021888969900700-0B-CD-AF-0F-8CL10000000001 
To   TelBank ID(1175):3260252996230500000326025299623050 
From TelBank ID(1176):3260242238850110000000091755122460700-0B-CD-AF-0F-8CB9504581176 
To   TelBank ID(1176):3260242238850110000950458117604971   ابراهيم         سا لمى               95030626030   10.150.0.212000000000006075903950306         شعبه ميدان امام خميني111 
From TelBank ID(1177):3260243663237060000000091755122460700-0B-CD-AF-0F-8COA95045811760400004971 
To   TelBank ID(1177):3260243663237060000 
