From TelBank ID(1217):3260045048189550000000091310169500700-0B-CD-AF-0F-8CL11000000000 
To   TelBank ID(1217):3260045048189550000326004504818955 
From TelBank ID(1218):3260010168124640000000021888969900700-0B-CD-AF-0F-8CZ1000001247000 
To   TelBank ID(1218):32600101681246430070000000000000 
From TelBank ID(1219):3260012740371540000000021888969900700-0B-CD-AF-0F-8CL00000000000 
To   TelBank ID(1219):3260012740371540000326001274037154 
From TelBank ID(1220):3260092439285900000000000334428170700-0B-CD-AF-0F-8CB2603054841 
To   TelBank ID(1220):3260092439285900000260305484105784    على             کريمى               95030626030   10.150.0.212000000000003625339950306         شعبه ميدان امام خميني131 
From TelBank ID(1221):3260090120709670000000000334428170700-0B-CD-AF-0F-8COA26030548410400005784 
To   TelBank ID(1221):3260090120709670000 
From TelBank ID(1222):3260092814139150000000000334428170700-0B-CD-AF-0F-8CN 
To   TelBank ID(1222):32600928141391548 
From TelBank ID(1223):3260091973093870000000000334428170700-0B-CD-AF-0F-8CL10000000000 
To   TelBank ID(1223):3260091973093870000326009197309387 
From TelBank ID(1224):3260070028173330000000091703525020700-0B-CD-AF-0F-8CB9511569505 
To   TelBank ID(1224):3260070028173330000951156950504637    امين            عبدالهى             95030626100    10.150.8.20000000000034825356950306                  شعبه نخل تقي111 
From TelBank ID(1225):3260073111447690000000091703525020700-0B-CD-AF-0F-8COA95115695050400004637 
To   TelBank ID(1225):3260073111447690000 
From TelBank ID(1226):3260072598943130000000091703525020700-0B-CD-AF-0F-8CN 
To   TelBank ID(1226):32600725989431348 
From TelBank ID(1227):3260073050729700000000091703525020700-0B-CD-AF-0F-8CT003951156950500000000000080000000000000000000000000000000000 
To   TelBank ID(1227):3260073050729700000003$950306$000000000-10000$00736668$611$000000034825356$077770$برداشت قبوض آنی موبایل بانک $آسان پرداخت پرشين - 77770$$950306$000000034363650$00000304$188$000000034835356$026100$واریز حقوق$شعبه نخل تقي - 26100$$950305$000000000-90000$00096625$861$000000000471706$077773$ pos انتقال  به  حساب  بابت  فروش$پرداخت الكترونيك سامان - 77773$$188                    واریز حقوق611  برداشت قبوض آنی موبایل بانک 861s انتقال  به  حساب  بابت  فروش 
From TelBank ID(1228):3260076174666640000000091703525020700-0B-CD-AF-0F-8CL11000000000 
To   TelBank ID(1228):3260076174666640000326007617466664 
From TelBank ID(1229):3260067586656830000000021889102500700-0B-CD-AF-0F-8CB0155971982 
To   TelBank ID(1229):3260067586656839000 
From TelBank ID(1230):3260063444560920000000021889102500700-0B-CD-AF-0F-8CB0155971983 
To   TelBank ID(1230):3260063444560920000015597198307737 فردين           شيرى   لکا سرى         95030600170    10.10.4.148000000000000002148950306         شعبه سپهبد قرني جنوبي131 
From TelBank ID(1231):3260068405975860000000021889102500700-0B-CD-AF-0F-8COA01559719830400007737 
To   TelBank ID(1231):3260068405975860000 
From TelBank ID(1232):3260062483167930000000021889102500700-0B-CD-AF-0F-8CN 
To   TelBank ID(1232):32600624831679348 
From TelBank ID(1233):3260060627293720000000021889102500700-0B-CD-AF-0F-8CH0155971983 
To   TelBank ID(1233):32600606272937200006273531403004405 
From TelBank ID(1234):3260060006942600000000021889102500700-0B-CD-AF-0F-8CN 
To   TelBank ID(1234):32600600069426048 
From TelBank ID(1235):3260060393332880000000021889102500700-0B-CD-AF-0F-8CS0155971983 
To   TelBank ID(1235):32600603933328800001111000000000000       41506455014101501359032077940500000000000000000000111 
From TelBank ID(1236):3260068999889820000000021889102500700-0B-CD-AF-0F-8CK0155971983000000007377 
To   TelBank ID(1236):3260068999889821817 
From TelBank ID(1237):3260060977000450000000021889102500700-0B-CD-AF-0F-8CVA0155971983000000#77377 
To   TelBank ID(1237):3260060977000450000 
From TelBank ID(1238):3260064627928420000000021889102500700-0B-CD-AF-0F-8CJ0155971983012342 
To   TelBank ID(1238):3260064627928420000 
From TelBank ID(1239):3260065558298450000000021889102500700-0B-CD-AF-0F-8CL10000000000 
To   TelBank ID(1239):3260065558298450000326006555829845 
