From TelBank ID(1201):3260050003889270000000021889102500700-0B-CD-AF-0F-8CXB585983100000124706000000123456 
To   TelBank ID(1201):3260050003889270000831811000000000000052181000000000000002181 
From TelBank ID(1202):3260023195010940000000000372215920700-0B-CD-AF-0F-8CB2627038316 
To   TelBank ID(1202):3260023195010940000262703831605837 فنى  ومهندسى  زرين  کنگا ن             95030626270 10.150.160.212000000000326194650950306         شعبه مركزي بندر كنگان132 
From TelBank ID(1203):3260027055753660000000000372215920700-0B-CD-AF-0F-8COA26270383160400003636 
To   TelBank ID(1203):3260027055753660000 
From TelBank ID(1204):3260027475554760000000000372215920700-0B-CD-AF-0F-8CN 
To   TelBank ID(1204):32600274755547648 
From TelBank ID(1205):3260021231657580000000000372215920700-0B-CD-AF-0F-8CL10000000000 
To   TelBank ID(1205):3260021231657580000326002123165758 
From TelBank ID(1206):3260051180959110000000021889102500700-0B-CD-AF-0F-8CQ58598310000012470002155880205 
To   TelBank ID(1206):32600511809591100000002155880205=5588020500145=0000001340660=0000013000=00000000 
From TelBank ID(1207):3260050368790800000000021889102500700-0B-CD-AF-0F-8CXG58598310000012470600000012345655880205001450000001340660000000000013000 
To   TelBank ID(1207):3260050368790805051 
From TelBank ID(1208):3260057107378870000000021889102500700-0B-CD-AF-0F-8CL00000000000 
To   TelBank ID(1208):3260057107378870000326005710737887 
From TelBank ID(1209):3260030654096080000000021889015330700-0B-CD-AF-0F-8CXB585983100000124706000000123456 
To   TelBank ID(1209):3260030654096080000378037000000000000052181000000000000002181 
From TelBank ID(1210):3260047452998500000000091310169500700-0B-CD-AF-0F-8CB2613090234 
To   TelBank ID(1210):3260047452998500000261309023401383    ستا ر           هليلى               95030626130   10.150.7.212000000000039966877950306              شعبه بندر عسلويه131 
From TelBank ID(1211):3260043548766930000000091310169500700-0B-CD-AF-0F-8COA26130902340400001383 
To   TelBank ID(1211):3260043548766930000 
From TelBank ID(1212):3260030828021670000000021889015330700-0B-CD-AF-0F-8CZ1000001247000 
From TelBank ID(1213):3260048574040740000000091310169500700-0B-CD-AF-0F-8CN 
To   TelBank ID(1213):32600308280216730070000000000000 
To   TelBank ID(1213):32600485740407448 
From TelBank ID(1214):3260032593707330000000021889015330700-0B-CD-AF-0F-8CL00000000000 
To   TelBank ID(1214):3260032593707330000326003259370733 
From TelBank ID(1215):3260044783154780000000091310169500700-0B-CD-AF-0F-8CN 
To   TelBank ID(1215):32600447831547848 
From TelBank ID(1216):3260045377859190000000091310169500700-0B-CD-AF-0F-8CT003261309023400000000000080000000000000000000000000000000000 
To   TelBank ID(1216):3260045377859190000003$950306$000000039055000$00264604$221$000000039966877$026130$انتقال  از حساب$شعبه بندر عسلويه - 26130$$950305$000000-15000000$00228575$861$000000000911877$077772$ pos انتقال  به  حساب  بابت  فروش$به پرداخت ملت - 77772$$950305$0000000000-1206$00222806$876$000000015911877$077772$کارمزد$به پرداخت ملت - 77772$$221               انتقال  از حساب861s انتقال  به  حساب  بابت  فروش876                        کارمزد 
